<?xml version="1.0" encoding="UTF-8"?>
<testng-results total="3" passed="3" failed="0" skipped="0">
  <reporter-output>
  </reporter-output>
  <suite started-at="2022-01-10T08:49:32Z" name="Default suite" finished-at="2022-01-10T08:49:32Z" duration-ms="100">
    <groups>
    </groups>
    <test started-at="2022-01-10T08:49:32Z" name="Default test" finished-at="2022-01-10T08:49:32Z" duration-ms="100">
      <class name="JavaStream">
        <test-method signature="streamCollect()[pri:0, instance:JavaStream@17f9d882]" started-at="2022-01-10T13:49:32Z" name="streamCollect" finished-at="2022-01-10T13:49:32Z" duration-ms="24" status="PASS">
          <reporter-output>
          </reporter-output>
        </test-method> <!-- streamCollect -->
        <test-method signature="streamMap()[pri:0, instance:JavaStream@17f9d882]" started-at="2022-01-10T13:49:32Z" name="streamMap" finished-at="2022-01-10T13:49:32Z" duration-ms="44" status="PASS">
          <reporter-output>
          </reporter-output>
        </test-method> <!-- streamMap -->
        <test-method signature="teststreamfilter()[pri:0, instance:JavaStream@17f9d882]" started-at="2022-01-10T13:49:32Z" name="teststreamfilter" finished-at="2022-01-10T13:49:32Z" duration-ms="9" status="PASS">
          <reporter-output>
          </reporter-output>
        </test-method> <!-- teststreamfilter -->
      </class> <!-- JavaStream -->
    </test> <!-- Default test -->
  </suite> <!-- Default suite -->
</testng-results>
